<?xml version="1.0" encoding="UTF-8"?>
<!-- Generated by org.testng.reporters.JUnitReportReporter -->
<testsuite skipped="0" hostname="DESKTOP-COEEAOS" name="TestNGSample.AllAnnotations" tests="4" failures="0" timestamp="2020-11-03T11:03:45 IST" time="0.043" errors="0">
  <testcase name="testMethod1" time="0.005" classname="TestNGSample.AllAnnotations"/>
  <system-out/>
  <testcase name="testMethod" time="0.003" classname="TestNGSample.AllAnnotations"/>
  <system-out/>
  <testcase name="testMethod1" time="0.008" classname="TestNGSample.AllAnnotations"/>
  <system-out/>
  <testcase name="testMethod" time="0.027" classname="TestNGSample.AllAnnotations"/>
  <system-out/>
</testsuite> <!-- TestNGSample.AllAnnotations -->
