<?xml version="1.0" encoding="UTF-8"?>
<!-- Generated by org.testng.reporters.JUnitReportReporter -->
<testsuite skipped="0" hostname="DESKTOP-COEEAOS" name="withoutCucumber.SampleNGTest" tests="1" failures="0" timestamp="2020-11-03T10:27:33 IST" time="11.774" errors="0">
  <testcase name="enterGoogle" time="11.774" classname="withoutCucumber.SampleNGTest"/>
  <system-out/>
</testsuite> <!-- withoutCucumber.SampleNGTest -->
